Planogrammer/app/build/outputs/logs/manifest-merger-debug-report.txt
-- Merging decision tree log ---
manifest
ADDED from AndroidManifest.xml:2:1
	package
		ADDED from AndroidManifest.xml:3:5
		INJECTED from AndroidManifest.xml:0:0
		INJECTED from AndroidManifest.xml:0:0
	android:versionName
		INJECTED from AndroidManifest.xml:0:0
		INJECTED from AndroidManifest.xml:0:0
	xmlns:android
		ADDED from AndroidManifest.xml:2:11
	android:versionCode
		INJECTED from AndroidManifest.xml:0:0
		INJECTED from AndroidManifest.xml:0:0
uses-permission#android.permission.INTERNET
ADDED from AndroidManifest.xml:4:5
	android:name
		ADDED from AndroidManifest.xml:4:22
uses-permission#android.permission.ACCESS_NETWORK_STATE
ADDED from AndroidManifest.xml:5:5
	android:name
		ADDED from AndroidManifest.xml:5:22
application
ADDED from AndroidManifest.xml:6:5
MERGED from com.android.support:appcompat-v7:21.0.3:16:5
MERGED from com.android.support:support-v4:21.0.3:16:5
MERGED from com.embarkmobile:zxing-android-minimal:1.2.1:43:3
	android:label
		ADDED from AndroidManifest.xml:9:9
	android:allowBackup
		ADDED from AndroidManifest.xml:7:9
	android:icon
		ADDED from AndroidManifest.xml:8:9
	android:theme
		ADDED from AndroidManifest.xml:10:9
activity#com.example.felipe.planogrammer.MainActivity
ADDED from AndroidManifest.xml:11:9
	android:label
		ADDED from AndroidManifest.xml:13:13
	android:name
		ADDED from AndroidManifest.xml:12:13
intent-filter#android.intent.action.MAIN+android.intent.category.LAUNCHER
ADDED from AndroidManifest.xml:14:13
action#android.intent.action.MAIN
ADDED from AndroidManifest.xml:15:17
	android:name
		ADDED from AndroidManifest.xml:15:25
category#android.intent.category.LAUNCHER
ADDED from AndroidManifest.xml:17:17
	android:name
		ADDED from AndroidManifest.xml:17:27
activity#com.example.felipe.planogrammer.ScannerPage
ADDED from AndroidManifest.xml:20:9
	android:label
		ADDED from AndroidManifest.xml:22:13
	android:name
		ADDED from AndroidManifest.xml:21:13
activity#com.example.felipe.planogrammer.JSONActivity
ADDED from AndroidManifest.xml:25:9
	android:label
		ADDED from AndroidManifest.xml:27:13
	android:name
		ADDED from AndroidManifest.xml:26:13
uses-sdk
INJECTED from AndroidManifest.xml:0:0 reason: use-sdk injection requested
MERGED from com.android.support:appcompat-v7:21.0.3:15:5
MERGED from com.android.support:support-v4:21.0.3:15:5
MERGED from com.embarkmobile:zxing-android-minimal:1.2.1:23:3
	android:targetSdkVersion
		INJECTED from AndroidManifest.xml:0:0
		INJECTED from AndroidManifest.xml:0:0
	android:minSdkVersion
		INJECTED from AndroidManifest.xml:0:0
		INJECTED from AndroidManifest.xml:0:0
uses-permission#android.permission.CAMERA
ADDED from com.embarkmobile:zxing-android-minimal:1.2.1:19:3
	android:name
		ADDED from com.embarkmobile:zxing-android-minimal:1.2.1:19:20
uses-permission#android.permission.VIBRATE
ADDED from com.embarkmobile:zxing-android-minimal:1.2.1:20:3
	android:name
		ADDED from com.embarkmobile:zxing-android-minimal:1.2.1:20:20
uses-permission#android.permission.FLASHLIGHT
ADDED from com.embarkmobile:zxing-android-minimal:1.2.1:21:3
	android:name
		ADDED from com.embarkmobile:zxing-android-minimal:1.2.1:21:20
uses-feature#android.hardware.camera
ADDED from com.embarkmobile:zxing-android-minimal:1.2.1:26:3
	android:required
		ADDED from com.embarkmobile:zxing-android-minimal:1.2.1:26:56
	android:name
		ADDED from com.embarkmobile:zxing-android-minimal:1.2.1:26:17
uses-feature#android.hardware.camera.front
ADDED from com.embarkmobile:zxing-android-minimal:1.2.1:27:3
	android:required
		ADDED from com.embarkmobile:zxing-android-minimal:1.2.1:27:62
	android:name
		ADDED from com.embarkmobile:zxing-android-minimal:1.2.1:27:17
uses-feature#android.hardware.camera.autofocus
ADDED from com.embarkmobile:zxing-android-minimal:1.2.1:30:3
	android:required
		ADDED from com.embarkmobile:zxing-android-minimal:1.2.1:30:66
	android:name
		ADDED from com.embarkmobile:zxing-android-minimal:1.2.1:30:17
uses-feature#android.hardware.camera.flash
ADDED from com.embarkmobile:zxing-android-minimal:1.2.1:31:3
	android:required
		ADDED from com.embarkmobile:zxing-android-minimal:1.2.1:31:62
	android:name
		ADDED from com.embarkmobile:zxing-android-minimal:1.2.1:31:17
uses-feature#android.hardware.screen.landscape
ADDED from com.embarkmobile:zxing-android-minimal:1.2.1:32:3
	android:required
		ADDED from com.embarkmobile:zxing-android-minimal:1.2.1:32:66
	android:name
		ADDED from com.embarkmobile:zxing-android-minimal:1.2.1:32:17
uses-feature#android.hardware.wifi
ADDED from com.embarkmobile:zxing-android-minimal:1.2.1:33:3
	android:required
		ADDED from com.embarkmobile:zxing-android-minimal:1.2.1:33:54
	android:name
		ADDED from com.embarkmobile:zxing-android-minimal:1.2.1:33:17
supports-screens
ADDED from com.embarkmobile:zxing-android-minimal:1.2.1:37:3
	android:largeScreens
		ADDED from com.embarkmobile:zxing-android-minimal:1.2.1:38:21
	android:smallScreens
		ADDED from com.embarkmobile:zxing-android-minimal:1.2.1:40:21
	android:normalScreens
		ADDED from com.embarkmobile:zxing-android-minimal:1.2.1:39:21
	android:xlargeScreens
		ADDED from com.embarkmobile:zxing-android-minimal:1.2.1:37:21
	android:anyDensity
		ADDED from com.embarkmobile:zxing-android-minimal:1.2.1:41:21
activity#com.google.zxing.client.android.CaptureActivity
ADDED from com.embarkmobile:zxing-android-minimal:1.2.1:44:7
	android:clearTaskOnLaunch
		ADDED from com.embarkmobile:zxing-android-minimal:1.2.1:44:17
	android:screenOrientation
		ADDED from com.embarkmobile:zxing-android-minimal:1.2.1:44:164
	android:stateNotNeeded
		ADDED from com.embarkmobile:zxing-android-minimal:1.2.1:44:202
	android:windowSoftInputMode
		ADDED from com.embarkmobile:zxing-android-minimal:1.2.1:44:291
	android:configChanges
		ADDED from com.embarkmobile:zxing-android-minimal:1.2.1:44:50
	android:theme
		ADDED from com.embarkmobile:zxing-android-minimal:1.2.1:44:232
	android:name
		ADDED from com.embarkmobile:zxing-android-minimal:1.2.1:44:101
activity#com.google.zxing.client.android.HelpActivity
ADDED from com.embarkmobile:zxing-android-minimal:1.2.1:45:7
	android:screenOrientation
		ADDED from com.embarkmobile:zxing-android-minimal:1.2.1:45:77
	android:name
		ADDED from com.embarkmobile:zxing-android-minimal:1.2.1:45:17